<?xml version="1.0" encoding="UTF-8"?>
<testng-results ignored="0" total="2" passed="2" failed="0" skipped="0">
  <reporter-output>
  </reporter-output>
  <suite started-at="2022-06-14T15:43:55 IST" name="Default suite" finished-at="2022-06-14T15:44:25 IST" duration-ms="30647">
    <groups>
    </groups>
    <test started-at="2022-06-14T15:43:55 IST" name="Default test" finished-at="2022-06-14T15:44:25 IST" duration-ms="30647">
      <class name="pk_orangeHrm.SauceLab">
        <test-method signature="SauceLab_Example()[pri:1, instance:pk_orangeHrm.SauceLab@316bcf94]" started-at="2022-06-14T15:43:55 IST" name="SauceLab_Example" finished-at="2022-06-14T15:44:19 IST" duration-ms="24327" status="PASS">
          <reporter-output>
          </reporter-output>
        </test-method> <!-- SauceLab_Example -->
        <test-method is-config="true" signature="afterTest(org.testng.ITestResult)[pri:0, instance:pk_orangeHrm.SauceLab@316bcf94]" started-at="2022-06-14T15:44:19 IST" name="afterTest" finished-at="2022-06-14T15:44:19 IST" duration-ms="268" status="PASS">
          <params>
            <param index="0">
              <value>
                <![CDATA[[TestResult name=SauceLab_Example status=SUCCESS method=SauceLab.SauceLab_Example()[pri:1, instance:pk_orangeHrm.SauceLab@316bcf94] output={null}]]]>
              </value>
            </param>
          </params>
          <reporter-output>
          </reporter-output>
        </test-method> <!-- afterTest -->
        <test-method signature="Logout()[pri:2, instance:pk_orangeHrm.SauceLab@316bcf94]" started-at="2022-06-14T15:44:19 IST" name="Logout" description="Logout from OrangeHRM" finished-at="2022-06-14T15:44:25 IST" duration-ms="5428" status="PASS">
          <reporter-output>
          </reporter-output>
        </test-method> <!-- Logout -->
        <test-method is-config="true" signature="afterTest(org.testng.ITestResult)[pri:0, instance:pk_orangeHrm.SauceLab@316bcf94]" started-at="2022-06-14T15:44:25 IST" name="afterTest" finished-at="2022-06-14T15:44:25 IST" duration-ms="221" status="PASS">
          <params>
            <param index="0">
              <value>
                <![CDATA[[TestResult name=Logout status=SUCCESS method=SauceLab.Logout()[pri:2, instance:pk_orangeHrm.SauceLab@316bcf94] output={null}]]]>
              </value>
            </param>
          </params>
          <reporter-output>
          </reporter-output>
        </test-method> <!-- afterTest -->
        <test-method is-config="true" signature="CloseBrowser()[pri:0, instance:pk_orangeHrm.SauceLab@316bcf94]" started-at="2022-06-14T15:44:25 IST" name="CloseBrowser" finished-at="2022-06-14T15:44:25 IST" duration-ms="339" status="PASS">
          <reporter-output>
          </reporter-output>
        </test-method> <!-- CloseBrowser -->
      </class> <!-- pk_orangeHrm.SauceLab -->
    </test> <!-- Default test -->
  </suite> <!-- Default suite -->
</testng-results>
